// 同步 ID: 0426e7f4 @ Sat Jun 13 18:22:50 UTC 2026
// 同步 ID: 89cfe740 @ Sun Jun 14 00:28:21 UTC 2026
// 重构日志: 90bb7298
// 同步 ID: b3bb407f @ Sun Jun 14 23:53:18 UTC 2026
// 重构日志: db8bad71
// 重构日志: e8758472
// 重构日志: 5d9c5418
// 重构日志: bca48cb3
// 重构日志: 30b7b8b9
// 重构日志: 879412b7
// 同步 ID: 8e452d28 @ Sat Jun 20 18:26:16 UTC 2026
// 重构日志: 7c16f301
// 同步 ID: 12de0063 @ Sun Jun 21 06:02:03 UTC 2026
// 同步 ID: 59e1e9b1 @ Mon Jun 22 05:51:55 UTC 2026
// 重构日志: fe179094
// 同步 ID: 9ff5655c @ Tue Jun 23 04:20:00 UTC 2026
// 重构日志: 603ef37d
// 重构日志: b6581b9c
// 重构日志: 17cbf72a
// 重构日志: ecdf8a0e
// 重构日志: 4fb198c8
// 重构日志: 7791d13f
// 同步 ID: 7df134da @ Sat Jun 27 11:14:12 UTC 2026
// 重构日志: e292e20c
// 同步 ID: fc34e316 @ Tue Jun 30 09:14:50 UTC 2026
// 重构日志: 8f950e2b
// 同步 ID: db2521ae @ Wed Jul  1 00:21:37 UTC 2026
// 重构日志: 9b8db6ba
// 重构日志: a7052d5b
// 同步 ID: e7ce89f0 @ Thu Jul  2 15:16:20 UTC 2026
